

*******************************************************************************
Fri Apr  5 12:14:10 2024


FIT:    data read from $MyDataSet1
        format = z
        #datapoints = 20
        residuals are weighted equally (unit weight)

function used for fitting: f(x)
	f(x) = a * sin(b + c*x)
fitted parameters initialized with current variable values

iter      chisq       delta/lim  lambda   a             b             c            
   0 1.9195354440e+01   0.00e+00  1.61e+00    1.000000e+00   1.000000e+00   1.000000e+00
   6 5.0916514656e-01  -3.16e-03  1.61e-06    1.485684e+00   3.900071e-01   7.174019e-01

After 6 iterations the fit converged.
final sum of squares of residuals : 0.509165
rel. change during last iteration : -3.16294e-08

degrees of freedom    (FIT_NDF)                        : 17
rms of residuals      (FIT_STDFIT) = sqrt(WSSR/ndf)    : 0.173063
variance of residuals (reduced chisquare) = WSSR/ndf   : 0.0299509

Final set of parameters            Asymptotic Standard Error
=======================            ==========================
a               = 1.48568          +/- 0.05511      (3.709%)
b               = 0.390007         +/- 0.03728      (9.56%)
c               = 0.717402         +/- 0.01016      (1.416%)

correlation matrix of the fit parameters:
                a      b      c      
a               1.000 
b              -0.014  1.000 
c              -0.137  0.137  1.000 
